
2019-09-22 23:36:52...installerHook: Could not find custom/install/install_hooks.php
2019-09-22 23:36:55...installerHook: Could not find custom/install/install_hooks.php
2019-09-22 23:36:58...installerHook: Could not find custom/install/install_hooks.php
2019-09-22 23:37:01...Begin System Check Process *************
2019-09-22 23:37:01...XML Parsing Support Found
2019-09-22 23:37:01...MBString Support Found
2019-09-22 23:37:01...ZIP Support Found
2019-09-22 23:37:01.../custom directory and subdirectory check passed
2019-09-22 23:37:01...cache directory and subdirectory check passed
2019-09-22 23:37:02.../module  directory and subdirectory check passed
2019-09-22 23:37:02.../upload directory check passed
2019-09-22 23:37:02.../zip check passed
2019-09-22 23:37:02...PCRE version check passed
2019-09-22 23:37:02...installerHook: Could not find custom/install/install_hooks.php
2019-09-22 23:37:02...php.ini location found. C:\xampp5\php\php.ini
2019-09-22 23:37:02...Outputting HTML for System check
2019-09-22 23:37:02...No Errors were found *************
2019-09-22 23:37:05...installerHook: Could not find custom/install/install_hooks.php
2019-09-22 23:37:10...installerHook: Could not find custom/install/install_hooks.php
2019-09-22 23:37:12...installerHook: Could not find custom/install/install_hooks.php
2019-09-22 23:37:18...Begin DB Check Process *************
2019-09-22 23:37:18...testing with mysql:mysqli
2019-09-22 23:37:18...Basic form info is valid, continuing Process.
2019-09-22 23:37:18...Testing user account...
2019-09-22 23:37:18...Connection made using  host: localhost, usr: root
2019-09-22 23:37:18...Testing priviliged account...
2019-09-22 23:37:18...Connection made using  host: localhost, usr: root
2019-09-22 23:37:18...ERROR:: The provided Database Name already exists.  You can<br>1.  hit the back button and choose a new database name <br>2.  click next and continue but all existing tables on this database will be dropped.  <strong>This means your tables and data will be blown away.</strong>
2019-09-22 23:37:18...Passed DB install check
2019-09-22 23:37:18...WARNING:: no errors detected, but DB tables will be dropped!, issuing warning to user
2019-09-22 23:37:18...End DB Check Process *************
2019-09-22 23:37:23...Begin DB Check Process *************
2019-09-22 23:37:23...testing with mysql:mysqli
2019-09-22 23:37:23...Basic form info is valid, continuing Process.
2019-09-22 23:37:23...Testing user account...
2019-09-22 23:37:23...Connection made using  host: localhost, usr: root
2019-09-22 23:37:23...Testing priviliged account...
2019-09-22 23:37:23...Connection made using  host: localhost, usr: root
2019-09-22 23:37:23...ERROR:: The provided Database Name already exists.  You can<br>1.  hit the back button and choose a new database name <br>2.  click next and continue but all existing tables on this database will be dropped.  <strong>This means your tables and data will be blown away.</strong>
2019-09-22 23:37:23...Passed DB install check
2019-09-22 23:37:23...WARNING:: no errors detected, but DB tables will be dropped!, issuing warning to user
2019-09-22 23:37:23...End DB Check Process *************
2019-09-22 23:37:25...installerHook: Could not find custom/install/install_hooks.php
2019-09-22 23:37:35...installerHook: Could not find custom/install/install_hooks.php
2019-09-22 23:37:42...installerHook: Could not find custom/install/install_hooks.php
2019-09-22 23:37:56...installerHook: Could not find custom/install/install_hooks.php
2019-09-22 23:37:56...calling handleSugarConfig()
2019-09-22 23:37:56...calling handleLog4Php()
2019-09-22 23:37:56...calling handleHtaccess()
2019-09-22 23:37:56...calling handleDbCharsetCollation()
2019-09-22 23:37:57...looping through all the Beans and create their tables
2019-09-22 23:37:57...processing table acl_actions
2019-09-22 23:37:57...dropping table acl_actions
2019-09-22 23:37:57...creating table acl_actions
2019-09-22 23:37:57...creating Relationship Meta for ACLAction
2019-09-22 23:37:57...processing table acl_roles
2019-09-22 23:37:57...dropping table acl_roles
2019-09-22 23:37:57...creating table acl_roles
2019-09-22 23:37:57...creating Relationship Meta for ACLRole
2019-09-22 23:37:57...processing table relationships
2019-09-22 23:37:57...dropping table relationships
2019-09-22 23:37:57...creating table relationships
2019-09-22 23:37:57...creating Relationship Meta for Relationship
2019-09-22 23:37:57...processing table leads
2019-09-22 23:37:57...dropping table leads
2019-09-22 23:37:57...creating table leads
2019-09-22 23:37:57...creating Relationship Meta for Lead
2019-09-22 23:37:57...processing table cases
2019-09-22 23:37:57...dropping table cases
2019-09-22 23:37:57...creating table cases
2019-09-22 23:37:57...creating Relationship Meta for Case
2019-09-22 23:37:58...processing table bugs
2019-09-22 23:37:58...dropping table bugs
2019-09-22 23:37:58...creating table bugs
2019-09-22 23:37:58...creating Relationship Meta for Bug
2019-09-22 23:37:58...processing table users
2019-09-22 23:37:58...dropping table users
2019-09-22 23:37:58...creating table users
2019-09-22 23:37:58...creating Relationship Meta for User
2019-09-22 23:37:58...processing table campaign_log
2019-09-22 23:37:58...dropping table campaign_log
2019-09-22 23:37:58...creating table campaign_log
2019-09-22 23:37:58...creating Relationship Meta for CampaignLog
2019-09-22 23:37:58...processing table project
2019-09-22 23:37:58...dropping table project
2019-09-22 23:37:58...creating table project
2019-09-22 23:37:58...creating Relationship Meta for Project
2019-09-22 23:37:58...processing table project_task
2019-09-22 23:37:58...dropping table project_task
2019-09-22 23:37:58...creating table project_task
2019-09-22 23:37:58...creating Relationship Meta for ProjectTask
2019-09-22 23:37:58...processing table campaigns
2019-09-22 23:37:58...dropping table campaigns
2019-09-22 23:37:58...creating table campaigns
2019-09-22 23:37:58...creating Relationship Meta for Campaign
2019-09-22 23:37:58...processing table prospect_lists
2019-09-22 23:37:58...dropping table prospect_lists
2019-09-22 23:37:58...creating table prospect_lists
2019-09-22 23:37:58...creating Relationship Meta for ProspectList
2019-09-22 23:37:59...processing table prospects
2019-09-22 23:37:59...dropping table prospects
2019-09-22 23:37:59...creating table prospects
2019-09-22 23:37:59...creating Relationship Meta for Prospect
2019-09-22 23:37:59...processing table email_marketing
2019-09-22 23:37:59...dropping table email_marketing
2019-09-22 23:37:59...creating table email_marketing
2019-09-22 23:37:59...creating Relationship Meta for EmailMarketing
2019-09-22 23:37:59...processing table campaign_trkrs
2019-09-22 23:37:59...dropping table campaign_trkrs
2019-09-22 23:37:59...creating table campaign_trkrs
2019-09-22 23:37:59...creating Relationship Meta for CampaignTracker
2019-09-22 23:37:59...processing table releases
2019-09-22 23:37:59...dropping table releases
2019-09-22 23:37:59...creating table releases
2019-09-22 23:37:59...creating Relationship Meta for Release
2019-09-22 23:37:59...processing table emailman
2019-09-22 23:37:59...dropping table emailman
2019-09-22 23:37:59...creating table emailman
2019-09-22 23:37:59...creating Relationship Meta for EmailMan
2019-09-22 23:37:59...processing table schedulers
2019-09-22 23:37:59...dropping table schedulers
2019-09-22 23:37:59...creating table schedulers
2019-09-22 23:37:59...creating Relationship Meta for Scheduler
2019-09-22 23:37:59...processing table job_queue
2019-09-22 23:37:59...dropping table job_queue
2019-09-22 23:37:59...creating table job_queue
2019-09-22 23:37:59...creating Relationship Meta for SchedulersJob
2019-09-22 23:37:59...processing table contacts
2019-09-22 23:37:59...dropping table contacts
2019-09-22 23:37:59...creating table contacts
2019-09-22 23:37:59...creating Relationship Meta for Contact
2019-09-22 23:37:59...processing table accounts
2019-09-22 23:37:59...dropping table accounts
2019-09-22 23:37:59...creating table accounts
2019-09-22 23:37:59...creating Relationship Meta for Account
2019-09-22 23:38:00...processing table opportunities
2019-09-22 23:38:00...dropping table opportunities
2019-09-22 23:38:00...creating table opportunities
2019-09-22 23:38:00...creating Relationship Meta for Opportunity
2019-09-22 23:38:00...processing table email_templates
2019-09-22 23:38:00...dropping table email_templates
2019-09-22 23:38:00...creating table email_templates
2019-09-22 23:38:00...creating Relationship Meta for EmailTemplate
2019-09-22 23:38:00...processing table notes
2019-09-22 23:38:00...dropping table notes
2019-09-22 23:38:00...creating table notes
2019-09-22 23:38:00...creating Relationship Meta for Note
2019-09-22 23:38:00...processing table calls
2019-09-22 23:38:00...dropping table calls
2019-09-22 23:38:00...creating table calls
2019-09-22 23:38:00...creating Relationship Meta for Call
2019-09-22 23:38:00...processing table emails
2019-09-22 23:38:00...dropping table emails
2019-09-22 23:38:00...creating table emails
2019-09-22 23:38:00...creating Relationship Meta for Email
2019-09-22 23:38:00...processing table meetings
2019-09-22 23:38:00...dropping table meetings
2019-09-22 23:38:00...creating table meetings
2019-09-22 23:38:00...creating Relationship Meta for Meeting
2019-09-22 23:38:00...processing table tasks
2019-09-22 23:38:00...dropping table tasks
2019-09-22 23:38:01...creating table tasks
2019-09-22 23:38:01...creating Relationship Meta for Task
2019-09-22 23:38:01...processing table users
2019-09-22 23:38:01...processing table users
2019-09-22 23:38:01...processing table currencies
2019-09-22 23:38:01...dropping table currencies
2019-09-22 23:38:01...creating table currencies
2019-09-22 23:38:01...creating Relationship Meta for Currency
2019-09-22 23:38:01...processing table tracker
2019-09-22 23:38:01...dropping table tracker
2019-09-22 23:38:01...creating table tracker
2019-09-22 23:38:01...creating Relationship Meta for Tracker
2019-09-22 23:38:01...processing table import_maps
2019-09-22 23:38:01...dropping table import_maps
2019-09-22 23:38:01...creating table import_maps
2019-09-22 23:38:01...creating Relationship Meta for ImportMap
2019-09-22 23:38:01...processing table users_last_import
2019-09-22 23:38:01...dropping table users_last_import
2019-09-22 23:38:01...creating table users_last_import
2019-09-22 23:38:01...creating Relationship Meta for UsersLastImport
2019-09-22 23:38:01...processing table config
2019-09-22 23:38:01...dropping table config
2019-09-22 23:38:01...creating table config
2019-09-22 23:38:01...creating Relationship Meta for Administration
2019-09-22 23:38:01...processing table upgrade_history
2019-09-22 23:38:01...dropping table upgrade_history
2019-09-22 23:38:01...creating table upgrade_history
2019-09-22 23:38:01...creating Relationship Meta for UpgradeHistory
2019-09-22 23:38:01...processing table vcals
2019-09-22 23:38:01...dropping table vcals
2019-09-22 23:38:01...creating table vcals
2019-09-22 23:38:01...creating Relationship Meta for vCal
2019-09-22 23:38:01...processing table versions
2019-09-22 23:38:01...dropping table versions
2019-09-22 23:38:01...creating table versions
2019-09-22 23:38:01...creating Relationship Meta for Version
2019-09-22 23:38:01...processing table roles
2019-09-22 23:38:01...dropping table roles
2019-09-22 23:38:01...creating table roles
2019-09-22 23:38:01...creating Relationship Meta for Role
2019-09-22 23:38:01...processing table documents
2019-09-22 23:38:01...dropping table documents
2019-09-22 23:38:01...creating table documents
2019-09-22 23:38:01...creating Relationship Meta for Document
2019-09-22 23:38:01...processing table document_revisions
2019-09-22 23:38:01...dropping table document_revisions
2019-09-22 23:38:01...creating table document_revisions
2019-09-22 23:38:01...creating Relationship Meta for DocumentRevision
2019-09-22 23:38:01...processing table fields_meta_data
2019-09-22 23:38:01...dropping table fields_meta_data
2019-09-22 23:38:01...creating table fields_meta_data
2019-09-22 23:38:01...creating Relationship Meta for FieldsMetaData
2019-09-22 23:38:01...processing table inbound_email
2019-09-22 23:38:02...dropping table inbound_email
2019-09-22 23:38:02...creating table inbound_email
2019-09-22 23:38:02...creating Relationship Meta for InboundEmail
2019-09-22 23:38:02...processing table saved_search
2019-09-22 23:38:02...dropping table saved_search
2019-09-22 23:38:02...creating table saved_search
2019-09-22 23:38:02...creating Relationship Meta for SavedSearch
2019-09-22 23:38:02...processing table user_preferences
2019-09-22 23:38:02...dropping table user_preferences
2019-09-22 23:38:02...creating table user_preferences
2019-09-22 23:38:02...creating Relationship Meta for UserPreference
2019-09-22 23:38:02...processing table 
2019-09-22 23:38:02...processing table email_addresses
2019-09-22 23:38:02...dropping table email_addresses
2019-09-22 23:38:02...creating table email_addresses
2019-09-22 23:38:02...creating Relationship Meta for EmailAddress
2019-09-22 23:38:02...processing table emails_text
2019-09-22 23:38:02...dropping table emails_text
2019-09-22 23:38:02...creating table emails_text
2019-09-22 23:38:02...creating Relationship Meta for EmailText
2019-09-22 23:38:02...processing table sugarfeed
2019-09-22 23:38:02...dropping table sugarfeed
2019-09-22 23:38:02...creating table sugarfeed
2019-09-22 23:38:02...creating Relationship Meta for SugarFeed
2019-09-22 23:38:02...processing table eapm
2019-09-22 23:38:02...dropping table eapm
2019-09-22 23:38:02...creating table eapm
2019-09-22 23:38:02...creating Relationship Meta for EAPM
2019-09-22 23:38:02...processing table oauth_consumer
2019-09-22 23:38:02...dropping table oauth_consumer
2019-09-22 23:38:02...creating table oauth_consumer
2019-09-22 23:38:02...creating Relationship Meta for OAuthKey
2019-09-22 23:38:02...processing table oauth_tokens
2019-09-22 23:38:02...dropping table oauth_tokens
2019-09-22 23:38:02...creating table oauth_tokens
2019-09-22 23:38:02...creating Relationship Meta for OAuthToken
2019-09-22 23:38:04...Begin creating Defaults
2019-09-22 23:38:04...insert defaults into config table
2019-09-22 23:38:04...Creating default users
2019-09-22 23:38:04...Creating default scheduler jobs
2019-09-22 23:38:04...Enable SugarFeeds
2019-09-22 23:38:04...Enable InsideView Connector
2019-09-22 23:38:05...Creating FTS logic hook
2019-09-22 23:38:05...populating the db with seed data
2019-09-22 23:38:18...Installation has completed *********
2019-09-22 23:38:31...installerHook: Could not find custom/install/install_hooks.php
2019-09-22 23:38:35...installerHook: Could not find custom/install/install_hooks.php